<?xml version="1.0" encoding="UTF-8"?>
<testsuite name="Test" tests="2" skipped="0" failures="0" errors="0" timestamp="2023-11-17T22:17:04" hostname="mrn006-lnx" time="0.008">
  <properties/>
  <testcase name="testNegative" classname="Test" time="0.007"/>
  <testcase name="testLargeNumber" classname="Test" time="0.001"/>
  <system-out><![CDATA[]]></system-out>
  <system-err><![CDATA[]]></system-err>
</testsuite>
