<?xml version="1.0" encoding="UTF-8"?>
<testsuite name="TestNamedArguments" tests="1" skipped="0" failures="0" errors="0" timestamp="2023-11-17T16:49:48" hostname="mrn006-lnx" time="0.021">
  <properties/>
  <testcase name="testJoinToString" classname="TestNamedArguments" time="0.021"/>
  <system-out><![CDATA[]]></system-out>
  <system-err><![CDATA[]]></system-err>
</testsuite>
